-- west build: making build dir /Users/ryosaitoh/Desktop/git/build/MKB_L_FPM pristine
-- west build: generating a build system
Loading Zephyr default modules (Zephyr base).
-- Application: /Users/ryosaitoh/Desktop/git/zmk/app
-- CMake version: 4.2.3
-- Found Python3: /opt/homebrew/opt/python@3.14/bin/python3.14 (found suitable version "3.14.3", minimum required is "3.8") found components: Interpreter
-- Cache files will be written to: /Users/ryosaitoh/Library/Caches/zephyr
-- Zephyr version: 3.5.0 (/Users/ryosaitoh/Desktop/git/zephyr)
-- Found west (found suitable version "1.5.0", minimum required is "0.14.0")
-- Adding /Users/ryosaitoh/Desktop/git/zmk-config-MKB2/boards/shields/MKB
-- Adding /Users/ryosaitoh/Desktop/git/zmk-config-MKB2/boards/shields/MKB
-- Adding /Users/ryosaitoh/Desktop/git/zmk-rgbled-widget/boards/shields/rgbled_adapter
-- Adding /Users/ryosaitoh/Desktop/git/zmk-nice-oled/boards/shields/nice_oled
-- Adding /Users/ryosaitoh/Desktop/git/zmk/app/boards/shields/MKB_L_Base_backup
-- ZMK Config directory: /Users/ryosaitoh/Desktop/git/zmk-config-MKB2/config
-- Using keymap file: /Users/ryosaitoh/Desktop/git/zmk-config-MKB2/config/MKB.keymap
-- Board: seeeduino_xiao_ble
-- Shield(s): MKB_L_Base MKB_L_FPM rgbled_adapter nice_oled
-- ZEPHYR_TOOLCHAIN_VARIANT not set, trying to locate Zephyr SDK
-- Found host-tools: zephyr 0.16.5 (/Users/ryosaitoh/zephyr-sdk-0.16.5)
-- Found toolchain: zephyr 0.16.5 (/Users/ryosaitoh/zephyr-sdk-0.16.5)
-- Found Dtc: /opt/homebrew/bin/dtc (found suitable version "1.7.2", minimum required is "1.4.6")
-- Found BOARD.dts: /Users/ryosaitoh/Desktop/git/zephyr/boards/arm/seeeduino_xiao_ble/seeeduino_xiao_ble.dts
-- Found devicetree overlay: /Users/ryosaitoh/Desktop/git/zmk/app/boards/seeeduino_xiao_ble.overlay
-- Found devicetree overlay: /Users/ryosaitoh/Desktop/git/zmk/app/boards/shields/MKB_L_Base_backup/MKB_L_Base.overlay
-- Found devicetree overlay: /Users/ryosaitoh/Desktop/git/zmk-config-MKB2/boards/shields/MKB/MKB_L_FPM.overlay
-- Found devicetree overlay: /Users/ryosaitoh/Desktop/git/zmk-rgbled-widget/boards/shields/rgbled_adapter/rgbled_adapter.overlay
-- Found devicetree overlay: /Users/ryosaitoh/Desktop/git/zmk-rgbled-widget/boards/shields/rgbled_adapter/boards/seeeduino_xiao_ble.overlay
-- Found devicetree overlay: /Users/ryosaitoh/Desktop/git/zmk-nice-oled/boards/shields/nice_oled/nice_oled.overlay
-- Found devicetree overlay: /Users/ryosaitoh/Desktop/git/zmk-config-MKB2/config/MKB.keymap
'label' is marked as deprecated in 'properties:' in /Users/ryosaitoh/Desktop/git/zephyr/dts/bindings/mtd/nordic,qspi-nor.yaml for node /soc/qspi@40029000/gd25q16@0.
'label' is marked as deprecated in 'properties:' in /Users/ryosaitoh/Desktop/git/zmk-layout-shift/dts/bindings/behaviors/zmk,behavior-layout-shift-key-press.yaml for node /behaviors/key_press.
'label' is marked as deprecated in 'properties:' in /Users/ryosaitoh/Desktop/git/zmk-layout-shift/dts/bindings/behaviors/zmk,behavior-layout-shift-key-press.yaml for node /behaviors/layout_shift_key_press.
'label' is marked as deprecated in 'properties:' in /Users/ryosaitoh/Desktop/git/zmk-layout-shift/dts/bindings/behaviors/zmk,behavior-layout-shift-toggle.yaml for node /behaviors/toggle_layout_shift.
'label' is marked as deprecated in 'properties:' in /Users/ryosaitoh/Desktop/git/zmk-layout-shift/dts/bindings/behaviors/zmk,behavior-layout-shift-toggle.yaml for node /behaviors/toggle_layout_shift_on.
'label' is marked as deprecated in 'properties:' in /Users/ryosaitoh/Desktop/git/zmk-layout-shift/dts/bindings/behaviors/zmk,behavior-layout-shift-toggle.yaml for node /behaviors/toggle_layout_shift_off.
'label' is marked as deprecated in 'properties:' in /Users/ryosaitoh/Desktop/git/zmk/app/dts/bindings/behaviors/zmk,behavior-key-press.yaml for node /behaviors/original_key_press.
'label' is marked as deprecated in 'properties:' in /Users/ryosaitoh/Desktop/git/zmk/app/dts/bindings/zmk,keymap.yaml for node /keymap/win_default_layer.
'label' is marked as deprecated in 'properties:' in /Users/ryosaitoh/Desktop/git/zmk/app/dts/bindings/zmk,keymap.yaml for node /keymap/win_function_layer.
'label' is marked as deprecated in 'properties:' in /Users/ryosaitoh/Desktop/git/zmk/app/dts/bindings/zmk,keymap.yaml for node /keymap/win_common_layer.
'label' is marked as deprecated in 'properties:' in /Users/ryosaitoh/Desktop/git/zmk/app/dts/bindings/zmk,keymap.yaml for node /keymap/win_num_layer.
'label' is marked as deprecated in 'properties:' in /Users/ryosaitoh/Desktop/git/zmk/app/dts/bindings/zmk,keymap.yaml for node /keymap/mac_default_layer.
'label' is marked as deprecated in 'properties:' in /Users/ryosaitoh/Desktop/git/zmk/app/dts/bindings/zmk,keymap.yaml for node /keymap/mac_function_layer.
'label' is marked as deprecated in 'properties:' in /Users/ryosaitoh/Desktop/git/zmk/app/dts/bindings/zmk,keymap.yaml for node /keymap/mac_common_layer.
'label' is marked as deprecated in 'properties:' in /Users/ryosaitoh/Desktop/git/zmk/app/dts/bindings/zmk,keymap.yaml for node /keymap/mac_num_layer.
'label' is marked as deprecated in 'properties:' in /Users/ryosaitoh/Desktop/git/zmk/app/dts/bindings/zmk,keymap.yaml for node /keymap/setting_layer.
'label' is marked as deprecated in 'properties:' in /Users/ryosaitoh/Desktop/git/zmk/app/dts/bindings/zmk,keymap.yaml for node /keymap/mouse_layer.
-- Generated zephyr.dts: /Users/ryosaitoh/Desktop/git/build/MKB_L_FPM/zephyr/zephyr.dts
-- Generated devicetree_generated.h: /Users/ryosaitoh/Desktop/git/build/MKB_L_FPM/zephyr/include/generated/devicetree_generated.h
-- Including generated dts.cmake file: /Users/ryosaitoh/Desktop/git/build/MKB_L_FPM/zephyr/dts.cmake
/Users/ryosaitoh/Desktop/git/build/MKB_L_FPM/zephyr/zephyr.dts:65.25-70.5: Warning (unique_unit_address_if_enabled): /soc/clock@40000000: duplicate unit-address (also used in node /soc/power@40000000)
/Users/ryosaitoh/Desktop/git/build/MKB_L_FPM/zephyr/zephyr.dts:355.21-359.5: Warning (unique_unit_address_if_enabled): /soc/acl@4001e000: duplicate unit-address (also used in node /soc/flash-controller@4001e000)
/Users/ryosaitoh/Desktop/git/build/MKB_L_FPM/zephyr/zephyr.dts:483.23-495.6: Warning (unique_unit_address_if_enabled): /soc/qspi@40029000/gd25q16@0: duplicate unit-address (also used in node /soc/qspi@40029000/p25q16h@0)

warning: ZMK_SPLIT_BLE_PERIPHERAL_STACK_SIZE (defined at
/Users/ryosaitoh/Desktop/git/zmk/app/src/split/bluetooth/Kconfig:81) was assigned the value '2048'
but got the value ''. Check these unsatisfied dependencies: (!ZMK_SPLIT_ROLE_CENTRAL) (=n). See
http://docs.zephyrproject.org/latest/kconfig.html#CONFIG_ZMK_SPLIT_BLE_PERIPHERAL_STACK_SIZE and/or
look up ZMK_SPLIT_BLE_PERIPHERAL_STACK_SIZE in the menuconfig/guiconfig interface. The Application
Development Primer, Setting Configuration Values, and Kconfig - Tips and Best Practices sections of
the manual might be helpful too.


warning: ZMK_TOUCHPASS_SERIAL_RPC (defined at /Users/ryosaitoh/Desktop/git/zmk-module-
TouchPass/Kconfig:21) was assigned the value 'y' but got the value 'n'. Check these unsatisfied
dependencies: (!ZMK_USB_LOGGING) (=n). See
http://docs.zephyrproject.org/latest/kconfig.html#CONFIG_ZMK_TOUCHPASS_SERIAL_RPC and/or look up
ZMK_TOUCHPASS_SERIAL_RPC in the menuconfig/guiconfig interface. The Application Development Primer,
Setting Configuration Values, and Kconfig - Tips and Best Practices sections of the manual might be
helpful too.


warning: CONSOLE (defined at drivers/console/Kconfig:9) was assigned the value 'n' but got the value
'y'. See http://docs.zephyrproject.org/latest/kconfig.html#CONFIG_CONSOLE and/or look up CONSOLE in
the menuconfig/guiconfig interface. The Application Development Primer, Setting Configuration
Values, and Kconfig - Tips and Best Practices sections of the manual might be helpful too.


warning: UART_CONSOLE (defined at drivers/console/Kconfig:43) was assigned the value 'n' but got the
value 'y'. See http://docs.zephyrproject.org/latest/kconfig.html#CONFIG_UART_CONSOLE and/or look up
UART_CONSOLE in the menuconfig/guiconfig interface. The Application Development Primer, Setting
Configuration Values, and Kconfig - Tips and Best Practices sections of the manual might be helpful
too.


warning: Deprecated symbol NFCT_PINS_AS_GPIOS is enabled.


warning: Deprecated symbol NRF_STORE_REBOOT_TYPE_GPREGRET is enabled.


/Users/ryosaitoh/Desktop/git/zmk-config-MKB2/boards/shields/MKB/MKB_L_FPM.conf:3: warning: attempt to assign the value '4' to the undefined symbol ZMK_TOUCHPASS_UART_TX_PIN

/Users/ryosaitoh/Desktop/git/zmk-config-MKB2/boards/shields/MKB/MKB_L_FPM.conf:4: warning: attempt to assign the value '5' to the undefined symbol ZMK_TOUCHPASS_UART_RX_PIN
Parsing /Users/ryosaitoh/Desktop/git/zmk/app/Kconfig
Loaded configuration '/Users/ryosaitoh/Desktop/git/zephyr/boards/arm/seeeduino_xiao_ble/seeeduino_xiao_ble_defconfig'
Merged configuration '/Users/ryosaitoh/Desktop/git/zmk/app/prj.conf'
Merged configuration '/Users/ryosaitoh/Desktop/git/zmk/app/boards/seeeduino_xiao_ble.conf'
Merged configuration '/Users/ryosaitoh/Desktop/git/zmk/app/boards/shields/MKB_L_Base_backup/MKB_L_Base.conf'
Merged configuration '/Users/ryosaitoh/Desktop/git/zmk-config-MKB2/boards/shields/MKB/MKB_L_FPM.conf'
Merged configuration '/Users/ryosaitoh/Desktop/git/zmk-rgbled-widget/boards/shields/rgbled_adapter/rgbled_adapter.conf'
Merged configuration '/Users/ryosaitoh/Desktop/git/zmk-nice-oled/boards/shields/nice_oled/nice_oled.conf'

error: Aborting due to Kconfig warnings

CMake Error at /Users/ryosaitoh/Desktop/git/zephyr/cmake/modules/kconfig.cmake:355 (message):
  command failed with return code: 1
Call Stack (most recent call first):
  /Users/ryosaitoh/Desktop/git/zephyr/cmake/modules/zephyr_default.cmake:129 (include)
  /Users/ryosaitoh/Desktop/git/zephyr/share/zephyr-package/cmake/ZephyrConfig.cmake:66 (include)
  /Users/ryosaitoh/Desktop/git/zephyr/share/zephyr-package/cmake/ZephyrConfig.cmake:92 (include_boilerplate)
  CMakeLists.txt:9 (find_package)


-- Configuring incomplete, errors occurred!
FATAL ERROR: command exited with status 1: /opt/homebrew/bin/cmake -DWEST_PYTHON=/opt/homebrew/opt/python@3.14/bin/python3.14 -B/Users/ryosaitoh/Desktop/git/build/MKB_L_FPM -GNinja -DBOARD=seeeduino_xiao_ble '-DSHIELD=MKB_L_Base MKB_L_FPM rgbled_adapter nice_oled' -DZMK_CONFIG=/Users/ryosaitoh/Desktop/git/zmk-config-MKB2/config -DBOARD_ROOT=/Users/ryosaitoh/Desktop/git/zmk-config-MKB2 -DZMK_EXTRA_MODULES=/Users/ryosaitoh/Desktop/git/zmk-module-TouchPass -S/Users/ryosaitoh/Desktop/git/zmk/app
